MPLAB XC16 ASSEMBLY Listing:  build/default/production/font.s 			page 1


   1              	# 1 "font.S"
   2              	# 1 "<built-in>"
   1              	; police de caractËre 8x8
   0              	
   0              	
   2              	
   3              	#include "font.h"
   1              	/* 
   2              	 * File:   font.h
   3              	 * Author: jacques
   4              	 *
   4              	    
   5              	.section .const psv
   6                 	.global _font
   7                 	_font:
   8 0000 00 00 00 00 	.byte 0x00,0x00,0x00,0x00,0x00,0x00,0x00,0x00  ; espace
   8      00 00 00 00 
   9 0008 20 20 20 20 	.byte 0x20,0x20,0x20,0x20,0x20,0x00,0x20,0x00  ; !
   9      20 00 20 00 
  10 0010 50 50 50 00 	.byte 0x50,0x50,0x50,0x00,0x00,0x00,0x00,0x00  ; "
  10      00 00 00 00 
  11 0018 50 50 F8 50 	.byte 0x50,0x50,0xF8,0x50,0xF8,0x50,0x50,0x00  ; #
  11      F8 50 50 00 
  12 0020 20 78 A0 70 	.byte 0x20,0x78,0xA0,0x70,0x28,0xF0,0x20,0x00  ; $
  12      28 F0 20 00 
  13 0028 C0 C8 10 20 	.byte 0xC0,0xC8,0x10,0x20,0x40,0x98,0x18,0x00  ; %
  13      40 98 18 00 
  14 0030 60 90 A0 40 	.byte 0x60,0x90,0xA0,0x40,0xA8,0x90,0x68,0x00  ; &
  14      A8 90 68 00 
  15 0038 60 20 40 00 	.byte 0x60,0x20,0x40,0x00,0x00,0x00,0x00,0x00  ; '
  15      00 00 00 00 
  16 0040 10 20 40 40 	.byte 0x10,0x20,0x40,0x40,0x40,0x20,0x10,0x00  ; (
  16      40 20 10 00 
  17 0048 40 20 10 10 	.byte 0x40,0x20,0x10,0x10,0x10,0x20,0x40,0x00  ; )
  17      10 20 40 00 
  18 0050 00 20 A8 70 	.byte 0x00,0x20,0xA8,0x70,0xA8,0x20,0x00,0x00  ; *
  18      A8 20 00 00 
  19 0058 00 20 20 F8 	.byte 0x00,0x20,0x20,0xF8,0x20,0x20,0x00,0x00  ; +
  19      20 20 00 00 
  20 0060 00 00 00 00 	.byte 0x00,0x00,0x00,0x00,0x60,0x20,0x40,0x00  ; ,
  20      60 20 40 00 
  21 0068 00 00 00 F0 	.byte 0x00,0x00,0x00,0xF0,0x00,0x00,0x00,0x00  ; -
  21      00 00 00 00 
  22 0070 00 00 00 00 	.byte 0x00,0x00,0x00,0x00,0x00,0x60,0x60,0x00  ; .
  22      00 60 60 00 
  23 0078 00 08 10 20 	.byte 0x00,0x08,0x10,0x20,0x40,0x80,0x00,0x00  ; /
  23      40 80 00 00 
  24 0080 70 88 98 A8 	.byte 0x70,0x88,0x98,0xA8,0xC8,0x88,0x70,0x00  ; 0
  24      C8 88 70 00 
  25 0088 20 60 20 20 	.byte 0x20,0x60,0x20,0x20,0x20,0x20,0xF8,0x00  ; 1
  25      20 20 F8 00 
  26 0090 70 88 10 20 	.byte 0x70,0x88,0x10,0x20,0x40,0x80,0xF8,0x00  ; 2
  26      40 80 F8 00 
  27 0098 F0 08 08 F0 	.byte 0xF0,0x08,0x08,0xF0,0x08,0x08,0xF0,0x00  ; 3
  27      08 08 F0 00 
  28 00a0 10 30 50 90 	.byte 0x10,0x30,0x50,0x90,0xF8,0x10,0x10,0x00  ; 4
  28      F8 10 10 00 
MPLAB XC16 ASSEMBLY Listing:  build/default/production/font.s 			page 2


  29 00a8 F8 80 80 F0 	.byte 0xF8,0x80,0x80,0xF0,0x08,0x08,0xF0,0x00  ; 5
  29      08 08 F0 00 
  30 00b0 30 40 80 F0 	.byte 0x30,0x40,0x80,0xF0,0x88,0x88,0x70,0x00  ; 6
  30      88 88 70 00 
  31 00b8 F8 08 10 20 	.byte 0xF8,0x08,0x10,0x20,0x40,0x40,0x40,0x00  ; 7
  31      40 40 40 00 
  32 00c0 70 88 88 70 	.byte 0x70,0x88,0x88,0x70,0x88,0x88,0x70,0x00  ; 8
  32      88 88 70 00 
  33 00c8 70 88 88 70 	.byte 0x70,0x88,0x88,0x70,0x08,0x08,0x70,0x00  ; 9
  33      08 08 70 00 
  34 00d0 00 60 60 00 	.byte 0x00,0x60,0x60,0x00,0x60,0x60,0x00,0x00  ; :
  34      60 60 00 00 
  35 00d8 00 60 60 00 	.byte 0x00,0x60,0x60,0x00,0x60,0x20,0x40,0x00  ; ;
  35      60 20 40 00 
  36 00e0 10 20 40 80 	.byte 0x10,0x20,0x40,0x80,0x40,0x20,0x10,0x00  ; <
  36      40 20 10 00 
  37 00e8 00 00 F8 00 	.byte 0x00,0x00,0xF8,0x00,0xF8,0x00,0x00,0x00  ; =
  37      F8 00 00 00 
  38 00f0 40 20 10 08 	.byte 0x40,0x20,0x10,0x08,0x10,0x20,0x40,0x00  ; >
  38      10 20 40 00 
  39 00f8 70 88 08 10 	.byte 0x70,0x88,0x08,0x10,0x20,0x00,0x20,0x00  ; ?
  39      20 00 20 00 
  40 0100 70 88 08 68 	.byte 0x70,0x88,0x08,0x68,0xA8,0xA8,0x70,0x00  ; @
  40      A8 A8 70 00 
  41 0108 70 88 88 F8 	.byte 0x70,0x88,0x88,0xF8,0x88,0x88,0x88,0x00  ; A
  41      88 88 88 00 
  42 0110 F0 88 88 F0 	.byte 0xF0,0x88,0x88,0xF0,0x88,0x88,0xF0,0x00  ; B
  42      88 88 F0 00 
  43 0118 78 80 80 80 	.byte 0x78,0x80,0x80,0x80,0x80,0x80,0x78,0x00  ; C
  43      80 80 78 00 
  44 0120 F0 88 88 88 	.byte 0xF0,0x88,0x88,0x88,0x88,0x88,0xF0,0x00  ; D
  44      88 88 F0 00 
  45 0128 F8 80 80 F8 	.byte 0xF8,0x80,0x80,0xF8,0x80,0x80,0xF8,0x00  ; E
  45      80 80 F8 00 
  46 0130 F8 80 80 F8 	.byte 0xF8,0x80,0x80,0xF8,0x80,0x80,0x80,0x00  ; F
  46      80 80 80 00 
  47 0138 78 80 80 B0 	.byte 0x78,0x80,0x80,0xB0,0x88,0x88,0x70,0x00  ; G
  47      88 88 70 00 
  48 0140 88 88 88 F8 	.byte 0x88,0x88,0x88,0xF8,0x88,0x88,0x88,0x00  ; H
  48      88 88 88 00 
  49 0148 70 20 20 20 	.byte 0x70,0x20,0x20,0x20,0x20,0x20,0x70,0x00  ; I
  49      20 20 70 00 
  50 0150 78 08 08 08 	.byte 0x78,0x08,0x08,0x08,0x08,0x90,0x60,0x00  ; J
  50      08 90 60 00 
  51 0158 88 90 A0 C0 	.byte 0x88,0x90,0xA0,0xC0,0xA0,0x90,0x88,0x00  ; K
  51      A0 90 88 00 
  52 0160 80 80 80 80 	.byte 0x80,0x80,0x80,0x80,0x80,0x80,0xF8,0x00  ; L
  52      80 80 F8 00 
  53 0168 88 D8 A8 88 	.byte 0x88,0xD8,0xA8,0x88,0x88,0x88,0x88,0x00  ; M
  53      88 88 88 00 
  54 0170 88 88 C8 A8 	.byte 0x88,0x88,0xC8,0xA8,0x98,0x88,0x88,0x00  ; N
  54      98 88 88 00 
  55 0178 70 88 88 88 	.byte 0x70,0x88,0x88,0x88,0x88,0x88,0x70,0x00  ; O
  55      88 88 70 00 
  56 0180 F0 88 88 F0 	.byte 0xF0,0x88,0x88,0xF0,0x80,0x80,0x80,0x00  ; P
  56      80 80 80 00 
  57 0188 70 88 88 88 	.byte 0x70,0x88,0x88,0x88,0xA8,0x98,0x78,0x00  ; Q
MPLAB XC16 ASSEMBLY Listing:  build/default/production/font.s 			page 3


  57      A8 98 78 00 
  58 0190 F0 88 88 F0 	.byte 0xF0,0x88,0x88,0xF0,0xA0,0x90,0x88,0x00  ; R
  58      A0 90 88 00 
  59 0198 78 80 80 70 	.byte 0x78,0x80,0x80,0x70,0x08,0x08,0xF0,0x00  ; S
  59      08 08 F0 00 
  60 01a0 F8 20 20 20 	.byte 0xF8,0x20,0x20,0x20,0x20,0x20,0x20,0x00  ; T
  60      20 20 20 00 
  61 01a8 88 88 88 88 	.byte 0x88,0x88,0x88,0x88,0x88,0x88,0x70,0x00  ; U
  61      88 88 70 00 
  62 01b0 88 88 88 88 	.byte 0x88,0x88,0x88,0x88,0x88,0x50,0x20,0x00  ; V
  62      88 50 20 00 
  63 01b8 88 88 88 A8 	.byte 0x88,0x88,0x88,0xA8,0xA8,0xD8,0x88,0x00  ; W
  63      A8 D8 88 00 
  64 01c0 88 88 50 20 	.byte 0x88,0x88,0x50,0x20,0x50,0x88,0x88,0x00  ; X
  64      50 88 88 00 
  65 01c8 88 88 88 50 	.byte 0x88,0x88,0x88,0x50,0x20,0x20,0x20,0x00  ; Y
  65      20 20 20 00 
  66 01d0 F8 10 20 40 	.byte 0xF8,0x10,0x20,0x40,0x80,0x80,0xF8,0x00  ; Z
  66      80 80 F8 00 
  67 01d8 60 40 40 40 	.byte 0x60,0x40,0x40,0x40,0x40,0x40,0x60,0x00  ; [
  67      40 40 60 00 
  68 01e0 00 80 40 20 	.byte 0x00,0x80,0x40,0x20,0x10,0x08,0x00,0x00  ; '\'
  68      10 08 00 00 
  69 01e8 18 08 08 08 	.byte 0x18,0x08,0x08,0x08,0x08,0x08,0x18,0x00  ; ]
  69      08 08 18 00 
  70 01f0 20 50 88 00 	.byte 0x20,0x50,0x88,0x00,0x00,0x00,0x00,0x00  ; ^
  70      00 00 00 00 
  71 01f8 00 00 00 00 	.byte 0x00,0x00,0x00,0x00,0x00,0x00,0x00,0xF8  ; _
  71      00 00 00 F8 
  72 0200 40 20 10 00 	.byte 0x40,0x20,0x10,0x00,0x00,0x00,0x00,0x00  ; `
  72      00 00 00 00 
  73 0208 00 00 70 08 	.byte 0x00,0x00,0x70,0x08,0x78,0x88,0x78,0x00  ; a
  73      78 88 78 00 
  74 0210 80 80 80 B0 	.byte 0x80,0x80,0x80,0xB0,0xC8,0x88,0xF0,0x00  ; b
  74      C8 88 F0 00 
  75 0218 00 00 70 80 	.byte 0x00,0x00,0x70,0x80,0x80,0x88,0x70,0x00  ; c
  75      80 88 70 00 
  76 0220 08 08 08 68 	.byte 0x08,0x08,0x08,0x68,0x98,0x88,0x78,0x00  ; d
  76      98 88 78 00 
  77 0228 00 00 70 88 	.byte 0x00,0x00,0x70,0x88,0xF8,0x80,0x70,0x00  ; e
  77      F8 80 70 00 
  78 0230 30 48 40 E0 	.byte 0x30,0x48,0x40,0xE0,0x40,0x40,0x40,0x00  ; f
  78      40 40 40 00 
  79 0238 30 48 40 E0 	.byte 0x30,0x48,0x40,0xE0,0x40,0x40,0x40,0x00  ; f
  79      40 40 40 00 
  80 0240 00 00 78 88 	.byte 0x00,0x00,0x78,0x88,0x88,0x78,0x08,0x70  ; g
  80      88 78 08 70 
  81 0248 80 80 B0 C8 	.byte 0x80,0x80,0xB0,0xC8,0x88,0x88,0x88,0x00  ; h
  81      88 88 88 00 
  82 0250 00 20 00 20 	.byte 0x00,0x20,0x00,0x20,0x20,0x20,0x20,0x00  ; i
  82      20 20 20 00 
  83 0258 10 00 30 10 	.byte 0x10,0x00,0x30,0x10,0x10,0x90,0x60,0x00  ; j
  83      10 90 60 00 
  84 0260 80 80 90 A0 	.byte 0x80,0x80,0x90,0xA0,0xC0,0xA0,0x90,0x00  ; k
  84      C0 A0 90 00 
  85 0268 60 20 20 20 	.byte 0x60,0x20,0x20,0x20,0x20,0x20,0x70,0x00  ; l
  85      20 20 70 00 
MPLAB XC16 ASSEMBLY Listing:  build/default/production/font.s 			page 4


  86 0270 00 00 D0 A8 	.byte 0x00,0x00,0xD0,0xA8,0xA8,0x88,0x88,0x00  ; m
  86      A8 88 88 00 
  87 0278 00 00 B0 C8 	.byte 0x00,0x00,0xB0,0xC8,0x88,0x88,0x88,0x00  ; n
  87      88 88 88 00 
  88 0280 00 00 70 88 	.byte 0x00,0x00,0x70,0x88,0x88,0x88,0x70,0x00  ; o
  88      88 88 70 00 
  89 0288 00 00 F0 88 	.byte 0x00,0x00,0xF0,0x88,0x88,0xF0,0x80,0x80  ; p
  89      88 F0 80 80 
  90 0290 00 00 68 90 	.byte 0x00,0x00,0x68,0x90,0x90,0xB0,0x50,0x18  ; q
  90      90 B0 50 18 
  91 0298 00 00 B0 C8 	.byte 0x00,0x00,0xB0,0xC8,0x80,0x80,0x80,0x00  ; r
  91      80 80 80 00 
  92 02a0 00 00 70 80 	.byte 0x00,0x00,0x70,0x80,0x70,0x08,0xF0,0x00  ; s
  92      70 08 F0 00 
  93 02a8 40 40 E0 40 	.byte 0x40,0x40,0xE0,0x40,0x40,0x48,0x30,0x00  ; t
  93      40 48 30 00 
  94 02b0 00 00 88 88 	.byte 0x00,0x00,0x88,0x88,0x88,0x98,0x68,0x00  ; u
  94      88 98 68 00 
  95 02b8 00 00 88 88 	.byte 0x00,0x00,0x88,0x88,0x88,0x50,0x20,0x00  ; v
  95      88 50 20 00 
  96 02c0 00 00 88 88 	.byte 0x00,0x00,0x88,0x88,0xA8,0xA8,0x50,0x00  ; w
  96      A8 A8 50 00 
  97 02c8 00 00 88 50 	.byte 0x00,0x00,0x88,0x50,0x20,0x50,0x88,0x00  ; x
  97      20 50 88 00 
  98 02d0 00 00 88 88 	.byte 0x00,0x00,0x88,0x88,0x88,0x78,0x08,0x70  ; y
  98      88 78 08 70 
  99 02d8 00 00 F8 10 	.byte 0x00,0x00,0xF8,0x10,0x20,0x40,0xF8,0x00  ; z
  99      20 40 F8 00 
 100 02e0 20 40 40 80 	.byte 0x20,0x40,0x40,0x80,0x40,0x40,0x20,0x00  ; {
 100      40 40 20 00 
 101 02e8 20 20 20 20 	.byte 0x20,0x20,0x20,0x20,0x20,0x20,0x20,0x00  ; |
 101      20 20 20 00 
 102 02f0 40 20 20 10 	.byte 0x40,0x20,0x20,0x10,0x20,0x20,0x40,0x00  ; }
 102      20 20 40 00 
 103 02f8 00 00 40 A8 	.byte 0x00,0x00,0x40,0xA8,0x10,0x00,0x00,0x00  ; ~
 103      10 00 00 00 
 104 0300 FC FC FC FC 	.byte 0xFC,0xFC,0xFC,0xFC,0xFC,0xFC,0xFC,0xFC  ; 95 rectangle
 104      FC FC FC FC 
 105 0308 40 20 10 F8 	.byte 0x40,0x20,0x10,0xF8,0x10,0x20,0x40,0x00  ; 96 fl√®che droite
 105      10 20 40 00 
 106 0310 10 20 40 F8 	.byte 0x10,0x20,0x40,0xF8,0x40,0x20,0x10,0x00  ; 97 fl√®che gauche
 106      40 20 10 00 
 107 0318 20 70 A8 20 	.byte 0x20,0x70,0xA8,0x20,0x20,0x20,0x00,0x00  ; 98 fl√®che haut
 107      20 20 00 00 
 108 0320 00 20 20 20 	.byte 0x00,0x20,0x20,0x20,0xA8,0x70,0x20,0x00  ; 99 fl√®che bas
 108      A8 70 20 00 
 109 0328 00 70 F8 F8 	.byte 0x00,0x70,0xF8,0xF8,0xF8,0x70,0x00,0x00  ; 100 rond			
 109      F8 70 00 00 
