   1              	# 1 "font.S"
   2              	# 1 "<built-in>"
   1              	;****************************************************************************
   0              	
   0              	
   2              	; Copyright 2015, Jacques Deschênes
   3              	; This file is part of ForthEx.
   4              	;
   5              	;     ForthEx is free software: you can redistribute it and/or modify
   6              	;     it under the terms of the GNU General Public License as published by
   7              	;     the Free Software Foundation, either version 3 of the License, or
   8              	;     (at your option) any later version.
   9              	;
  10              	;     ForthEx is distributed in the hope that it will be useful,
  11              	;     but WITHOUT ANY WARRANTY; without even the implied warranty of
  12              	;     MERCHANTABILITY or FITNESS FOR A PARTICULAR PURPOSE.  See the
  13              	;     GNU General Public License for more details.
  14              	;
  15              	;     You should have received a copy of the GNU General Public License
  16              	;     along with ForthEx.  If not, see <http://www.gnu.org/licenses/>.
  17              	;
  18              	;****************************************************************************
  19              	; police de caractère 8x8
  20              	;table ASCII REF: http://www.asciitable.com/ 
  21              	    
  22              	#include "video.inc"
   1              	;****************************************************************************
   2              	; Copyright 2015, Jacques Deschênes
   3              	; This file is part of ForthEx.
   4              	;
   5              	;     ForthEx is free software: you can redistribute it and/or modify
   6              	;     it under the terms of the GNU General Public License as published by
   7              	;     the Free Software Foundation, either version 3 of the License, or
   8              	;     (at your option) any later version.
   9              	;
  10              	;     ForthEx is distributed in the hope that it will be useful,
  11              	;     but WITHOUT ANY WARRANTY; without even the implied warranty of
  12              	;     MERCHANTABILITY or FITNESS FOR A PARTICULAR PURPOSE.  See the
  13              	;     GNU General Public License for more details.
  14              	;
  15              	;     You should have received a copy of the GNU General Public License
  16              	;     along with ForthEx.  If not, see <http://www.gnu.org/licenses/>.
  17              	;
  18              	;****************************************************************************
  19              	
  20              	; constantes liées au générateur de caractères
  21              	.ifndef VIDEO_INC
  22              	.equ VIDEO_INC, 1
  23              	    
  24              	.equ CHAR_WIDTH,  (8)
  25              	.equ CHAR_HEIGHT, (8)
  26              	.equ FONT_SIZE, (128)
  27              	; caractères pa ligne    
  28              	.equ CPL, (50)
  29              	; ligne par écran    
  30              	.equ LPS, (24)  
  31              	;résolution d'image
  32              	.equ XRES, (CHAR_WIDTH*CPL)
  33              	.equ YRES, (CHAR_HEIGHT*LPS)
  34              	 ; grandeur du tampon vidéo    
  35              	.equ TV_BUFFER, (CPL*LPS)
  36              	
  37              	.endif
  38              	 ...
  23              	    
  24              	.section .const psv
  25                 	.global _font
  26                 	_font:
  27 0000 40 20 10 F8 	.byte 0x40,0x20,0x10,0xF8,0x10,0x20,0x40,0x00  ; 0 fèche droite
  27      10 20 40 00 
  28 0008 10 20 40 F8 	.byte 0x10,0x20,0x40,0xF8,0x40,0x20,0x10,0x00  ; 1 fèche gauche
  28      40 20 10 00 
  29 0010 20 70 A8 20 	.byte 0x20,0x70,0xA8,0x20,0x20,0x20,0x00,0x00  ; 2 flèche haut
  29      20 20 00 00 
  30 0018 00 20 20 20 	.byte 0x00,0x20,0x20,0x20,0xA8,0x70,0x20,0x00  ; 3 flèche bas
  30      A8 70 20 00 
  31 0020 00 70 F8 F8 	.byte 0x00,0x70,0xF8,0xF8,0xF8,0x70,0x00,0x00  ; 4 rond			
  31      F8 70 00 00 
  32 0028 00 00 00 00 	.byte 0x00,0x00,0x00,0x00,0x00,0x00,0x00,0x00  ; 5 espace
  32      00 00 00 00 
  33 0030 00 00 00 00 	.byte 0x00,0x00,0x00,0x00,0x00,0x00,0x00,0x00  ; 6 espace
  33      00 00 00 00 
  34 0038 00 00 00 00 	.byte 0x00,0x00,0x00,0x00,0x00,0x00,0x00,0x00  ; 7 espace
  34      00 00 00 00 
  35 0040 00 00 00 00 	.byte 0x00,0x00,0x00,0x00,0x00,0x00,0x00,0x00  ; 8 espace
  35      00 00 00 00 
  36 0048 00 00 00 00 	.byte 0x00,0x00,0x00,0x00,0x00,0x00,0x00,0x00  ; 9 espace
  36      00 00 00 00 
  37 0050 00 00 00 00 	.byte 0x00,0x00,0x00,0x00,0x00,0x00,0x00,0x00  ; 10 espace
  37      00 00 00 00 
  38 0058 00 00 00 00 	.byte 0x00,0x00,0x00,0x00,0x00,0x00,0x00,0x00  ; 11 espace
  38      00 00 00 00 
  39 0060 00 00 00 00 	.byte 0x00,0x00,0x00,0x00,0x00,0x00,0x00,0x00  ; 12 espace
  39      00 00 00 00 
  40 0068 00 00 00 00 	.byte 0x00,0x00,0x00,0x00,0x00,0x00,0x00,0x00  ; 13 espace
  40      00 00 00 00 
  41 0070 00 00 00 00 	.byte 0x00,0x00,0x00,0x00,0x00,0x00,0x00,0x00  ; 14 espace
  41      00 00 00 00 
  42 0078 00 00 00 00 	.byte 0x00,0x00,0x00,0x00,0x00,0x00,0x00,0x00  ; 15 espace
  42      00 00 00 00 
  43 0080 00 00 00 00 	.byte 0x00,0x00,0x00,0x00,0x00,0x00,0x00,0x00  ; 16 espace
  43      00 00 00 00 
  44 0088 00 00 00 00 	.byte 0x00,0x00,0x00,0x00,0x00,0x00,0x00,0x00  ; 17 espace
  44      00 00 00 00 
  45 0090 00 00 00 00 	.byte 0x00,0x00,0x00,0x00,0x00,0x00,0x00,0x00  ; 18 espace
  45      00 00 00 00 
  46 0098 00 00 00 00 	.byte 0x00,0x00,0x00,0x00,0x00,0x00,0x00,0x00  ; 19 espace
  46      00 00 00 00 
  47 00a0 00 00 00 00 	.byte 0x00,0x00,0x00,0x00,0x00,0x00,0x00,0x00  ; 20 espace
  47      00 00 00 00 
  48 00a8 00 00 00 00 	.byte 0x00,0x00,0x00,0x00,0x00,0x00,0x00,0x00  ; 21 espace
  48      00 00 00 00 
  49 00b0 00 00 00 00 	.byte 0x00,0x00,0x00,0x00,0x00,0x00,0x00,0x00  ; 22 espace
  49      00 00 00 00 
  50 00b8 00 00 00 00 	.byte 0x00,0x00,0x00,0x00,0x00,0x00,0x00,0x00  ; 23 espace
  50      00 00 00 00 
  51 00c0 00 00 00 00 	.byte 0x00,0x00,0x00,0x00,0x00,0x00,0x00,0x00  ; 24 espace
  51      00 00 00 00 
  52 00c8 00 00 00 00 	.byte 0x00,0x00,0x00,0x00,0x00,0x00,0x00,0x00  ; 25 espace
  52      00 00 00 00 
  53 00d0 00 00 00 00 	.byte 0x00,0x00,0x00,0x00,0x00,0x00,0x00,0x00  ; 26 espace
  53      00 00 00 00 
  54 00d8 00 00 00 00 	.byte 0x00,0x00,0x00,0x00,0x00,0x00,0x00,0x00  ; 27 espace
  54      00 00 00 00 
  55 00e0 00 00 00 00 	.byte 0x00,0x00,0x00,0x00,0x00,0x00,0x00,0x00  ; 28 espace
  55      00 00 00 00 
  56 00e8 00 00 00 00 	.byte 0x00,0x00,0x00,0x00,0x00,0x00,0x00,0x00  ; 29 espace
  56      00 00 00 00 
  57 00f0 00 00 00 00 	.byte 0x00,0x00,0x00,0x00,0x00,0x00,0x00,0x00  ; 30 espace
  57      00 00 00 00 
  58 00f8 00 00 00 00 	.byte 0x00,0x00,0x00,0x00,0x00,0x00,0x00,0x00  ; 31 espace
  58      00 00 00 00 
  59 0100 00 00 00 00 	.byte 0x00,0x00,0x00,0x00,0x00,0x00,0x00,0x00  ; 32 espace
  59      00 00 00 00 
  60 0108 20 20 20 20 	.byte 0x20,0x20,0x20,0x20,0x20,0x00,0x20,0x00  ; 33 !
  60      20 00 20 00 
  61 0110 50 50 50 00 	.byte 0x50,0x50,0x50,0x00,0x00,0x00,0x00,0x00  ; 34 "
  61      00 00 00 00 
  62 0118 50 50 F8 50 	.byte 0x50,0x50,0xF8,0x50,0xF8,0x50,0x50,0x00  ; 35 #
  62      F8 50 50 00 
  63 0120 20 78 A0 70 	.byte 0x20,0x78,0xA0,0x70,0x28,0xF0,0x20,0x00  ; 36 $
  63      28 F0 20 00 
  64 0128 C0 C8 10 20 	.byte 0xC0,0xC8,0x10,0x20,0x40,0x98,0x18,0x00  ; 37 %
  64      40 98 18 00 
  65 0130 60 90 A0 40 	.byte 0x60,0x90,0xA0,0x40,0xA8,0x90,0x68,0x00  ; 38 &
  65      A8 90 68 00 
  66 0138 60 20 40 00 	.byte 0x60,0x20,0x40,0x00,0x00,0x00,0x00,0x00  ; 39 '
  66      00 00 00 00 
  67 0140 10 20 40 40 	.byte 0x10,0x20,0x40,0x40,0x40,0x20,0x10,0x00  ; 40 (
  67      40 20 10 00 
  68 0148 40 20 10 10 	.byte 0x40,0x20,0x10,0x10,0x10,0x20,0x40,0x00  ; 41 )
  68      10 20 40 00 
  69 0150 00 20 A8 70 	.byte 0x00,0x20,0xA8,0x70,0xA8,0x20,0x00,0x00  ; 42 *
  69      A8 20 00 00 
  70 0158 00 20 20 F8 	.byte 0x00,0x20,0x20,0xF8,0x20,0x20,0x00,0x00  ; 43 +
  70      20 20 00 00 
  71 0160 00 00 00 00 	.byte 0x00,0x00,0x00,0x00,0x60,0x20,0x40,0x00  ; 44 ,
  71      60 20 40 00 
  72 0168 00 00 00 F0 	.byte 0x00,0x00,0x00,0xF0,0x00,0x00,0x00,0x00  ; 45 -
  72      00 00 00 00 
  73 0170 00 00 00 00 	.byte 0x00,0x00,0x00,0x00,0x00,0x60,0x60,0x00  ; 46 .
  73      00 60 60 00 
  74 0178 00 08 10 20 	.byte 0x00,0x08,0x10,0x20,0x40,0x80,0x00,0x00  ; 47 /
  74      40 80 00 00 
  75 0180 70 88 98 A8 	.byte 0x70,0x88,0x98,0xA8,0xC8,0x88,0x70,0x00  ; 48 0
  75      C8 88 70 00 
  76 0188 20 60 20 20 	.byte 0x20,0x60,0x20,0x20,0x20,0x20,0xF8,0x00  ; 49 1
  76      20 20 F8 00 
  77 0190 70 88 10 20 	.byte 0x70,0x88,0x10,0x20,0x40,0x80,0xF8,0x00  ; 50 2
  77      40 80 F8 00 
  78 0198 F0 08 08 F0 	.byte 0xF0,0x08,0x08,0xF0,0x08,0x08,0xF0,0x00  ; 51 3
  78      08 08 F0 00 
  79 01a0 10 30 50 90 	.byte 0x10,0x30,0x50,0x90,0xF8,0x10,0x10,0x00  ; 52 4
  79      F8 10 10 00 
  80 01a8 F8 80 80 F0 	.byte 0xF8,0x80,0x80,0xF0,0x08,0x08,0xF0,0x00  ; 53 5
  80      08 08 F0 00 
  81 01b0 30 40 80 F0 	.byte 0x30,0x40,0x80,0xF0,0x88,0x88,0x70,0x00  ; 54 6
  81      88 88 70 00 
  82 01b8 F8 08 10 20 	.byte 0xF8,0x08,0x10,0x20,0x40,0x40,0x40,0x00  ; 55 7
  82      40 40 40 00 
  83 01c0 70 88 88 70 	.byte 0x70,0x88,0x88,0x70,0x88,0x88,0x70,0x00  ; 56 8
  83      88 88 70 00 
  84 01c8 70 88 88 70 	.byte 0x70,0x88,0x88,0x70,0x08,0x08,0x70,0x00  ; 57 9
  84      08 08 70 00 
  85 01d0 00 60 60 00 	.byte 0x00,0x60,0x60,0x00,0x60,0x60,0x00,0x00  ; 58 :
  85      60 60 00 00 
  86 01d8 00 60 60 00 	.byte 0x00,0x60,0x60,0x00,0x60,0x20,0x40,0x00  ; 59 ;
  86      60 20 40 00 
  87 01e0 10 20 40 80 	.byte 0x10,0x20,0x40,0x80,0x40,0x20,0x10,0x00  ; 60 <
  87      40 20 10 00 
  88 01e8 00 00 F8 00 	.byte 0x00,0x00,0xF8,0x00,0xF8,0x00,0x00,0x00  ; 61 =
  88      F8 00 00 00 
  89 01f0 40 20 10 08 	.byte 0x40,0x20,0x10,0x08,0x10,0x20,0x40,0x00  ; 62 >
  89      10 20 40 00 
  90 01f8 70 88 08 10 	.byte 0x70,0x88,0x08,0x10,0x20,0x00,0x20,0x00  ; 63 ?
  90      20 00 20 00 
  91 0200 70 88 08 68 	.byte 0x70,0x88,0x08,0x68,0xA8,0xA8,0x70,0x00  ; 64 @
  91      A8 A8 70 00 
  92 0208 70 88 88 F8 	.byte 0x70,0x88,0x88,0xF8,0x88,0x88,0x88,0x00  ; 65 A
  92      88 88 88 00 
  93 0210 F0 88 88 F0 	.byte 0xF0,0x88,0x88,0xF0,0x88,0x88,0xF0,0x00  ; 66 B
  93      88 88 F0 00 
  94 0218 78 80 80 80 	.byte 0x78,0x80,0x80,0x80,0x80,0x80,0x78,0x00  ; 67 C
  94      80 80 78 00 
  95 0220 F0 88 88 88 	.byte 0xF0,0x88,0x88,0x88,0x88,0x88,0xF0,0x00  ; 68 D
  95      88 88 F0 00 
  96 0228 F8 80 80 F8 	.byte 0xF8,0x80,0x80,0xF8,0x80,0x80,0xF8,0x00  ; 69 E
  96      80 80 F8 00 
  97 0230 F8 80 80 F8 	.byte 0xF8,0x80,0x80,0xF8,0x80,0x80,0x80,0x00  ; 70 F
  97      80 80 80 00 
  98 0238 78 80 80 B0 	.byte 0x78,0x80,0x80,0xB0,0x88,0x88,0x70,0x00  ; 71 G
  98      88 88 70 00 
  99 0240 88 88 88 F8 	.byte 0x88,0x88,0x88,0xF8,0x88,0x88,0x88,0x00  ; 72 H
  99      88 88 88 00 
 100 0248 70 20 20 20 	.byte 0x70,0x20,0x20,0x20,0x20,0x20,0x70,0x00  ; 73 I
 100      20 20 70 00 
 101 0250 78 08 08 08 	.byte 0x78,0x08,0x08,0x08,0x08,0x90,0x60,0x00  ; 74 J
 101      08 90 60 00 
 102 0258 88 90 A0 C0 	.byte 0x88,0x90,0xA0,0xC0,0xA0,0x90,0x88,0x00  ; 75 K
 102      A0 90 88 00 
 103 0260 80 80 80 80 	.byte 0x80,0x80,0x80,0x80,0x80,0x80,0xF8,0x00  ; 76 L
 103      80 80 F8 00 
 104 0268 88 D8 A8 88 	.byte 0x88,0xD8,0xA8,0x88,0x88,0x88,0x88,0x00  ; 77 M
 104      88 88 88 00 
 105 0270 88 88 C8 A8 	.byte 0x88,0x88,0xC8,0xA8,0x98,0x88,0x88,0x00  ; 78 N
 105      98 88 88 00 
 106 0278 70 88 88 88 	.byte 0x70,0x88,0x88,0x88,0x88,0x88,0x70,0x00  ; 79 O
 106      88 88 70 00 
 107 0280 F0 88 88 F0 	.byte 0xF0,0x88,0x88,0xF0,0x80,0x80,0x80,0x00  ; 80 P
 107      80 80 80 00 
 108 0288 70 88 88 88 	.byte 0x70,0x88,0x88,0x88,0xA8,0x98,0x78,0x00  ; 81 Q
 108      A8 98 78 00 
 109 0290 F0 88 88 F0 	.byte 0xF0,0x88,0x88,0xF0,0xA0,0x90,0x88,0x00  ; 82 R
 109      A0 90 88 00 
 110 0298 78 80 80 70 	.byte 0x78,0x80,0x80,0x70,0x08,0x08,0xF0,0x00  ; 83 S
 110      08 08 F0 00 
 111 02a0 F8 20 20 20 	.byte 0xF8,0x20,0x20,0x20,0x20,0x20,0x20,0x00  ; 84 T
 111      20 20 20 00 
 112 02a8 88 88 88 88 	.byte 0x88,0x88,0x88,0x88,0x88,0x88,0x70,0x00  ; 85 U
 112      88 88 70 00 
 113 02b0 88 88 88 88 	.byte 0x88,0x88,0x88,0x88,0x88,0x50,0x20,0x00  ; 86 V
 113      88 50 20 00 
 114 02b8 88 88 88 A8 	.byte 0x88,0x88,0x88,0xA8,0xA8,0xD8,0x88,0x00  ; 87 W
 114      A8 D8 88 00 
 115 02c0 88 88 50 20 	.byte 0x88,0x88,0x50,0x20,0x50,0x88,0x88,0x00  ; 88 X
 115      50 88 88 00 
 116 02c8 88 88 88 50 	.byte 0x88,0x88,0x88,0x50,0x20,0x20,0x20,0x00  ; 89 Y
 116      20 20 20 00 
 117 02d0 F8 10 20 40 	.byte 0xF8,0x10,0x20,0x40,0x80,0x80,0xF8,0x00  ; 90 Z
 117      80 80 F8 00 
 118 02d8 60 40 40 40 	.byte 0x60,0x40,0x40,0x40,0x40,0x40,0x60,0x00  ; 91 [
 118      40 40 60 00 
 119 02e0 00 80 40 20 	.byte 0x00,0x80,0x40,0x20,0x10,0x08,0x00,0x00  ; 92 '\'
 119      10 08 00 00 
 120 02e8 18 08 08 08 	.byte 0x18,0x08,0x08,0x08,0x08,0x08,0x18,0x00  ; 93 ]
 120      08 08 18 00 
 121 02f0 20 50 88 00 	.byte 0x20,0x50,0x88,0x00,0x00,0x00,0x00,0x00  ; 94 ^
 121      00 00 00 00 
 122 02f8 00 00 00 00 	.byte 0x00,0x00,0x00,0x00,0x00,0x00,0x00,0xF8  ; 95 _
 122      00 00 00 F8 
 123 0300 40 20 10 00 	.byte 0x40,0x20,0x10,0x00,0x00,0x00,0x00,0x00  ; 96 `
 123      00 00 00 00 
 124 0308 00 00 70 08 	.byte 0x00,0x00,0x70,0x08,0x78,0x88,0x78,0x00  ; 97 a
 124      78 88 78 00 
 125 0310 80 80 80 B0 	.byte 0x80,0x80,0x80,0xB0,0xC8,0x88,0xF0,0x00  ; 98 b
 125      C8 88 F0 00 
 126 0318 00 00 70 80 	.byte 0x00,0x00,0x70,0x80,0x80,0x88,0x70,0x00  ; 99 c
 126      80 88 70 00 
 127 0320 08 08 08 68 	.byte 0x08,0x08,0x08,0x68,0x98,0x88,0x78,0x00  ; 100 d
 127      98 88 78 00 
 128 0328 00 00 70 88 	.byte 0x00,0x00,0x70,0x88,0xF8,0x80,0x70,0x00  ; 101 e
 128      F8 80 70 00 
 129 0330 30 48 40 E0 	.byte 0x30,0x48,0x40,0xE0,0x40,0x40,0x40,0x00  ; 102 f
 129      40 40 40 00 
 130 0338 00 00 78 88 	.byte 0x00,0x00,0x78,0x88,0x88,0x78,0x08,0x70  ; 103 g
 130      88 78 08 70 
 131 0340 80 80 B0 C8 	.byte 0x80,0x80,0xB0,0xC8,0x88,0x88,0x88,0x00  ; 104 h
 131      88 88 88 00 
 132 0348 00 20 00 20 	.byte 0x00,0x20,0x00,0x20,0x20,0x20,0x20,0x00  ; 105 i
 132      20 20 20 00 
 133 0350 10 00 30 10 	.byte 0x10,0x00,0x30,0x10,0x10,0x90,0x60,0x00  ; 106 j
 133      10 90 60 00 
 134 0358 80 80 90 A0 	.byte 0x80,0x80,0x90,0xA0,0xC0,0xA0,0x90,0x00  ; 107 k
 134      C0 A0 90 00 
 135 0360 60 20 20 20 	.byte 0x60,0x20,0x20,0x20,0x20,0x20,0x70,0x00  ; 108 l
 135      20 20 70 00 
 136 0368 00 00 D0 A8 	.byte 0x00,0x00,0xD0,0xA8,0xA8,0x88,0x88,0x00  ; 109 m
 136      A8 88 88 00 
 137 0370 00 00 B0 C8 	.byte 0x00,0x00,0xB0,0xC8,0x88,0x88,0x88,0x00  ; 110 n
 137      88 88 88 00 
 138 0378 00 00 70 88 	.byte 0x00,0x00,0x70,0x88,0x88,0x88,0x70,0x00  ; 111 o
 138      88 88 70 00 
 139 0380 00 00 F0 88 	.byte 0x00,0x00,0xF0,0x88,0x88,0xF0,0x80,0x80  ; 112 p
 139      88 F0 80 80 
 140 0388 00 00 68 90 	.byte 0x00,0x00,0x68,0x90,0x90,0xB0,0x50,0x18  ; 113 q
 140      90 B0 50 18 
 141 0390 00 00 B0 C8 	.byte 0x00,0x00,0xB0,0xC8,0x80,0x80,0x80,0x00  ; 114 r
 141      80 80 80 00 
 142 0398 00 00 70 80 	.byte 0x00,0x00,0x70,0x80,0x70,0x08,0xF0,0x00  ; 115 s
 142      70 08 F0 00 
 143 03a0 40 40 E0 40 	.byte 0x40,0x40,0xE0,0x40,0x40,0x48,0x30,0x00  ; 116 t
 143      40 48 30 00 
 144 03a8 00 00 88 88 	.byte 0x00,0x00,0x88,0x88,0x88,0x98,0x68,0x00  ; 117 u
 144      88 98 68 00 
 145 03b0 00 00 88 88 	.byte 0x00,0x00,0x88,0x88,0x88,0x50,0x20,0x00  ; 118 v
 145      88 50 20 00 
 146 03b8 00 00 88 88 	.byte 0x00,0x00,0x88,0x88,0xA8,0xA8,0x50,0x00  ; 119 w
 146      A8 A8 50 00 
 147 03c0 00 00 88 50 	.byte 0x00,0x00,0x88,0x50,0x20,0x50,0x88,0x00  ; 120 x
 147      20 50 88 00 
 148 03c8 00 00 88 88 	.byte 0x00,0x00,0x88,0x88,0x88,0x78,0x08,0x70  ; 121 y
 148      88 78 08 70 
 149 03d0 00 00 F8 10 	.byte 0x00,0x00,0xF8,0x10,0x20,0x40,0xF8,0x00  ; 122 z
 149      20 40 F8 00 
 150 03d8 20 40 40 80 	.byte 0x20,0x40,0x40,0x80,0x40,0x40,0x20,0x00  ; 123 {
 150      40 40 20 00 
 151 03e0 20 20 20 20 	.byte 0x20,0x20,0x20,0x20,0x20,0x20,0x20,0x00  ; 124 |
 151      20 20 20 00 
 152 03e8 40 20 20 10 	.byte 0x40,0x20,0x20,0x10,0x20,0x20,0x40,0x00  ; 125 }
 152      20 20 40 00 
 153 03f0 00 00 40 A8 	.byte 0x00,0x00,0x40,0xA8,0x10,0x00,0x00,0x00  ; 126 ~
 153      10 00 00 00 
 154 03f8 FC FC FC FC 	.byte 0xFC,0xFC,0xFC,0xFC,0xFC,0xFC,0xFC,0xFC  ; 127 rectangle
 154      FC FC FC FC 
DEFINED SYMBOLS
                            *ABS*:00000000 font.S
                            *ABS*:00000000 video.inc
                            *ABS*:00000000 font.S
                            *ABS*:00000000 <command-line>
                            *ABS*:00000000 <built-in>
                            *ABS*:00000000 font.S
                            *ABS*:00000001 __MPLAB_BUILD
                            *ABS*:00000001 __24FJ64GA002
                            *ABS*:00000001 __PIC24F
                            *ABS*:00000001 __HAS_PMP
                            *ABS*:00000001 __C30ELF
           video.inc:22     *ABS*:00000001 VIDEO_INC
           video.inc:24     *ABS*:00000008 CHAR_WIDTH
           video.inc:25     *ABS*:00000008 CHAR_HEIGHT
           video.inc:26     *ABS*:00000080 FONT_SIZE
           video.inc:28     *ABS*:00000032 CPL
           video.inc:30     *ABS*:00000018 LPS
           video.inc:32     *ABS*:00000190 XRES
           video.inc:33     *ABS*:000000c0 YRES
           video.inc:35     *ABS*:000004b0 TV_BUFFER
              font.S:26     .const:00000000 _font
                      .debug_line:00000000 .L0
                      .debug_line:0000001a .L0
                      .debug_line:0000001a .L0

NO UNDEFINED SYMBOLS

EQUATE SYMBOLS
                          font.S = 0x0
                       video.inc = 0x0
                          font.S = 0x0
                  <command-line> = 0x0
                      <built-in> = 0x0
                          font.S = 0x0
                   __MPLAB_BUILD = 0x1
                   __24FJ64GA002 = 0x1
                        __PIC24F = 0x1
                       __HAS_PMP = 0x1
                        __C30ELF = 0x1
                       VIDEO_INC = 0x1
                      CHAR_WIDTH = 0x8
                     CHAR_HEIGHT = 0x8
                       FONT_SIZE = 0x80
                             CPL = 0x32
                             LPS = 0x18
                            XRES = 0x190
                            YRES = 0xc0
                       TV_BUFFER = 0x4b0
